0 info it worked if it ends with ok
1 verbose cli [ 'C:\\Program Files\\nodejs\\\\node.exe',
1 verbose cli   'C:\\Program Files\\nodejs\\node_modules\\npm\\bin\\npm-cli.js',
1 verbose cli   'install',
1 verbose cli   'git+https://git@github.com/Leaflet/Leaflet.Draw.git' ]
2 info using npm@2.7.4
3 info using node@v0.12.2
4 verbose node symlink C:\Program Files\nodejs\\node.exe
5 silly cache add args [ 'git+https://git@github.com/Leaflet/Leaflet.Draw.git', null ]
6 verbose cache add spec git+https://git@github.com/Leaflet/Leaflet.Draw.git
7 silly cache add parsed spec { raw: 'git+https://git@github.com/Leaflet/Leaflet.Draw.git',
7 silly cache add   scope: null,
7 silly cache add   name: null,
7 silly cache add   rawSpec: 'git+https://git@github.com/Leaflet/Leaflet.Draw.git',
7 silly cache add   spec: 'git+ssh://git@github.com/Leaflet/Leaflet.Draw.git',
7 silly cache add   type: 'hosted',
7 silly cache add   hosted:
7 silly cache add    { type: 'github',
7 silly cache add      ssh: 'git@github.com:Leaflet/Leaflet.Draw.git',
7 silly cache add      sshUrl: 'git+ssh://git@github.com/Leaflet/Leaflet.Draw.git',
7 silly cache add      httpsUrl: 'https://github.com/Leaflet/Leaflet.Draw.git',
7 silly cache add      directUrl: 'https://raw.githubusercontent.com/Leaflet/Leaflet.Draw/master/package.json' } }
8 info maybeGithub Attempting git+https://git@github.com/Leaflet/Leaflet.Draw.git from git://github.com/Leaflet/Leaflet.Draw.git
9 verbose addRemoteGit git-github-com-Leaflet-Leaflet-Draw-git-51a6a15b not in flight; caching
10 verbose git clone --template=C:\Users\jmartinez\AppData\Roaming\npm-cache\_git-remotes\_templates --mirror git://github.com/Leaflet/Leaflet.Draw.git C:\Users\jmartinez\AppData\Roaming\npm-cache\_git-remotes\git-github-com-Leaflet-Leaflet-Draw-git-51a6a15b: undefined
10 verbose git clone --template=C:\Users\jmartinez\AppData\Roaming\npm-cache\_git-remotes\_templates --mirror git://github.com/Leaflet/Leaflet.Draw.git C:\Users\jmartinez\AppData\Roaming\npm-cache\_git-remotes\git-github-com-Leaflet-Leaflet-Draw-git-51a6a15b: undefined
11 info maybeGithub Couldn't clone git://github.com/Leaflet/Leaflet.Draw.git
12 info maybeGithub Now attempting git+https://git@github.com/Leaflet/Leaflet.Draw.git from git@github.com:Leaflet/Leaflet.Draw.git
13 verbose addRemoteGit git-github-com-Leaflet-Leaflet-Draw-git-2b9db3ac not in flight; caching
14 error git clone --template=C:\Users\jmartinez\AppData\Roaming\npm-cache\_git-remotes\_templates --mirror git@github.com:Leaflet/Leaflet.Draw.git C:\Users\jmartinez\AppData\Roaming\npm-cache\_git-remotes\git-github-com-Leaflet-Leaflet-Draw-git-2b9db3ac: undefined
14 error git clone --template=C:\Users\jmartinez\AppData\Roaming\npm-cache\_git-remotes\_templates --mirror git@github.com:Leaflet/Leaflet.Draw.git C:\Users\jmartinez\AppData\Roaming\npm-cache\_git-remotes\git-github-com-Leaflet-Leaflet-Draw-git-2b9db3ac: undefined
15 verbose stack Error: not found: git
15 verbose stack     at F (C:\Program Files\nodejs\node_modules\npm\node_modules\which\which.js:40:28)
15 verbose stack     at E (C:\Program Files\nodejs\node_modules\npm\node_modules\which\which.js:43:29)
15 verbose stack     at C:\Program Files\nodejs\node_modules\npm\node_modules\which\which.js:54:16
15 verbose stack     at FSReqWrap.oncomplete (fs.js:95:15)
16 verbose cwd C:\Users\jmartinez\WebstormProjects\AAAsite
17 error Windows_NT 6.1.7601
18 error argv "C:\\Program Files\\nodejs\\\\node.exe" "C:\\Program Files\\nodejs\\node_modules\\npm\\bin\\npm-cli.js" "install" "git+https://git@github.com/Leaflet/Leaflet.Draw.git"
19 error node v0.12.2
20 error npm  v2.7.4
21 error code ENOGIT
22 error not found: git
23 error Failed using git.
23 error This is most likely not a problem with npm itself.
23 error Please check if you have git installed and in your PATH.
24 verbose exit [ 1, true ]
